-------------------------------------------------------------------------------
Test set: curso.generation.demo.DemoBootApplicationTests
-------------------------------------------------------------------------------
Tests run: 4, Failures: 0, Errors: 4, Skipped: 0, Time elapsed: 277.863 s <<< FAILURE! - in curso.generation.demo.DemoBootApplicationTests
test2  Time elapsed: 0.003 s  <<< ERROR!
java.lang.IllegalStateException: Failed to load ApplicationContext
Caused by: org.springframework.beans.factory.UnsatisfiedDependencyException: Error creating bean with name 'demoRestController': Unsatisfied dependency expressed through field 'repository'; nested exception is org.springframework.beans.factory.BeanCreationException: Error creating bean with name 'accessesCRUDRepository' defined in curso.generation.demo.repositorios.AccessesCRUDRepository defined in @EnableJpaRepositories declared on JpaRepositoriesRegistrar.EnableJpaRepositoriesConfiguration: Invocation of init method failed; nested exception is java.lang.IllegalStateException: Using named parameters for method public abstract java.lang.Iterable curso.generation.demo.repositorios.AccessesCRUDRepository.getAccesByAnioAndMesAndName(int,int,java.lang.String) but parameter 'Optional[name]' not found in annotated query 'from Access a where a.month=:mes and a.year=:anio and a.employee.nombre'!
Caused by: org.springframework.beans.factory.BeanCreationException: Error creating bean with name 'accessesCRUDRepository' defined in curso.generation.demo.repositorios.AccessesCRUDRepository defined in @EnableJpaRepositories declared on JpaRepositoriesRegistrar.EnableJpaRepositoriesConfiguration: Invocation of init method failed; nested exception is java.lang.IllegalStateException: Using named parameters for method public abstract java.lang.Iterable curso.generation.demo.repositorios.AccessesCRUDRepository.getAccesByAnioAndMesAndName(int,int,java.lang.String) but parameter 'Optional[name]' not found in annotated query 'from Access a where a.month=:mes and a.year=:anio and a.employee.nombre'!
Caused by: java.lang.IllegalStateException: Using named parameters for method public abstract java.lang.Iterable curso.generation.demo.repositorios.AccessesCRUDRepository.getAccesByAnioAndMesAndName(int,int,java.lang.String) but parameter 'Optional[name]' not found in annotated query 'from Access a where a.month=:mes and a.year=:anio and a.employee.nombre'!

test3  Time elapsed: 0 s  <<< ERROR!
java.lang.IllegalStateException: Failed to load ApplicationContext
Caused by: org.springframework.beans.factory.UnsatisfiedDependencyException: Error creating bean with name 'demoRestController': Unsatisfied dependency expressed through field 'repository'; nested exception is org.springframework.beans.factory.BeanCreationException: Error creating bean with name 'accessesCRUDRepository' defined in curso.generation.demo.repositorios.AccessesCRUDRepository defined in @EnableJpaRepositories declared on JpaRepositoriesRegistrar.EnableJpaRepositoriesConfiguration: Invocation of init method failed; nested exception is java.lang.IllegalStateException: Using named parameters for method public abstract java.lang.Iterable curso.generation.demo.repositorios.AccessesCRUDRepository.getAccesByAnioAndMesAndName(int,int,java.lang.String) but parameter 'Optional[name]' not found in annotated query 'from Access a where a.month=:mes and a.year=:anio and a.employee.nombre'!
Caused by: org.springframework.beans.factory.BeanCreationException: Error creating bean with name 'accessesCRUDRepository' defined in curso.generation.demo.repositorios.AccessesCRUDRepository defined in @EnableJpaRepositories declared on JpaRepositoriesRegistrar.EnableJpaRepositoriesConfiguration: Invocation of init method failed; nested exception is java.lang.IllegalStateException: Using named parameters for method public abstract java.lang.Iterable curso.generation.demo.repositorios.AccessesCRUDRepository.getAccesByAnioAndMesAndName(int,int,java.lang.String) but parameter 'Optional[name]' not found in annotated query 'from Access a where a.month=:mes and a.year=:anio and a.employee.nombre'!
Caused by: java.lang.IllegalStateException: Using named parameters for method public abstract java.lang.Iterable curso.generation.demo.repositorios.AccessesCRUDRepository.getAccesByAnioAndMesAndName(int,int,java.lang.String) but parameter 'Optional[name]' not found in annotated query 'from Access a where a.month=:mes and a.year=:anio and a.employee.nombre'!

test4  Time elapsed: 0 s  <<< ERROR!
java.lang.IllegalStateException: Failed to load ApplicationContext
Caused by: org.springframework.beans.factory.UnsatisfiedDependencyException: Error creating bean with name 'demoRestController': Unsatisfied dependency expressed through field 'repository'; nested exception is org.springframework.beans.factory.BeanCreationException: Error creating bean with name 'accessesCRUDRepository' defined in curso.generation.demo.repositorios.AccessesCRUDRepository defined in @EnableJpaRepositories declared on JpaRepositoriesRegistrar.EnableJpaRepositoriesConfiguration: Invocation of init method failed; nested exception is java.lang.IllegalStateException: Using named parameters for method public abstract java.lang.Iterable curso.generation.demo.repositorios.AccessesCRUDRepository.getAccesByAnioAndMesAndName(int,int,java.lang.String) but parameter 'Optional[name]' not found in annotated query 'from Access a where a.month=:mes and a.year=:anio and a.employee.nombre'!
Caused by: org.springframework.beans.factory.BeanCreationException: Error creating bean with name 'accessesCRUDRepository' defined in curso.generation.demo.repositorios.AccessesCRUDRepository defined in @EnableJpaRepositories declared on JpaRepositoriesRegistrar.EnableJpaRepositoriesConfiguration: Invocation of init method failed; nested exception is java.lang.IllegalStateException: Using named parameters for method public abstract java.lang.Iterable curso.generation.demo.repositorios.AccessesCRUDRepository.getAccesByAnioAndMesAndName(int,int,java.lang.String) but parameter 'Optional[name]' not found in annotated query 'from Access a where a.month=:mes and a.year=:anio and a.employee.nombre'!
Caused by: java.lang.IllegalStateException: Using named parameters for method public abstract java.lang.Iterable curso.generation.demo.repositorios.AccessesCRUDRepository.getAccesByAnioAndMesAndName(int,int,java.lang.String) but parameter 'Optional[name]' not found in annotated query 'from Access a where a.month=:mes and a.year=:anio and a.employee.nombre'!

contextLoads  Time elapsed: 0 s  <<< ERROR!
java.lang.IllegalStateException: Failed to load ApplicationContext
Caused by: org.springframework.beans.factory.UnsatisfiedDependencyException: Error creating bean with name 'demoRestController': Unsatisfied dependency expressed through field 'repository'; nested exception is org.springframework.beans.factory.BeanCreationException: Error creating bean with name 'accessesCRUDRepository' defined in curso.generation.demo.repositorios.AccessesCRUDRepository defined in @EnableJpaRepositories declared on JpaRepositoriesRegistrar.EnableJpaRepositoriesConfiguration: Invocation of init method failed; nested exception is java.lang.IllegalStateException: Using named parameters for method public abstract java.lang.Iterable curso.generation.demo.repositorios.AccessesCRUDRepository.getAccesByAnioAndMesAndName(int,int,java.lang.String) but parameter 'Optional[name]' not found in annotated query 'from Access a where a.month=:mes and a.year=:anio and a.employee.nombre'!
Caused by: org.springframework.beans.factory.BeanCreationException: Error creating bean with name 'accessesCRUDRepository' defined in curso.generation.demo.repositorios.AccessesCRUDRepository defined in @EnableJpaRepositories declared on JpaRepositoriesRegistrar.EnableJpaRepositoriesConfiguration: Invocation of init method failed; nested exception is java.lang.IllegalStateException: Using named parameters for method public abstract java.lang.Iterable curso.generation.demo.repositorios.AccessesCRUDRepository.getAccesByAnioAndMesAndName(int,int,java.lang.String) but parameter 'Optional[name]' not found in annotated query 'from Access a where a.month=:mes and a.year=:anio and a.employee.nombre'!
Caused by: java.lang.IllegalStateException: Using named parameters for method public abstract java.lang.Iterable curso.generation.demo.repositorios.AccessesCRUDRepository.getAccesByAnioAndMesAndName(int,int,java.lang.String) but parameter 'Optional[name]' not found in annotated query 'from Access a where a.month=:mes and a.year=:anio and a.employee.nombre'!

